<?xml version="1.0" encoding="UTF-8"?>
<coverage generated="1551649100060" clover="3.2.0">
  <project timestamp="1551649100060" name="All files">
    <metrics statements="233" coveredstatements="91" conditionals="217" coveredconditionals="49" methods="17" coveredmethods="14" elements="467" coveredelements="154" complexity="0" loc="233" ncloc="233" packages="1" files="1" classes="1"/>
    <file name="Othello.js" path="C:\Users\Owner\Documents\SPL343\JavaScript\OthelloJS\Othello.js">
      <metrics statements="233" coveredstatements="91" conditionals="217" coveredconditionals="49" methods="17" coveredmethods="14"/>
      <line num="14" count="1" type="stmt"/>
      <line num="21" count="10" type="cond" truecount="4" falsecount="1"/>
      <line num="22" count="0" type="stmt"/>
      <line num="24" count="10" type="cond" truecount="3" falsecount="1"/>
      <line num="25" count="0" type="stmt"/>
      <line num="27" count="10" type="cond" truecount="3" falsecount="1"/>
      <line num="28" count="0" type="stmt"/>
      <line num="32" count="10" type="stmt"/>
      <line num="33" count="10" type="stmt"/>
      <line num="34" count="10" type="stmt"/>
      <line num="38" count="10" type="cond" truecount="2" falsecount="0"/>
      <line num="39" count="9" type="stmt"/>
      <line num="40" count="9" type="cond" truecount="2" falsecount="0"/>
      <line num="42" count="1" type="stmt"/>
      <line num="43" count="1" type="cond" truecount="1" falsecount="1"/>
      <line num="47" count="10" type="stmt"/>
      <line num="48" count="10" type="stmt"/>
      <line num="49" count="46" type="stmt"/>
      <line num="50" count="46" type="stmt"/>
      <line num="54" count="10" type="stmt"/>
      <line num="59" count="38" type="stmt"/>
      <line num="64" count="14" type="stmt"/>
      <line num="69" count="0" type="stmt"/>
      <line num="74" count="0" type="stmt"/>
      <line num="79" count="10" type="stmt"/>
      <line num="80" count="46" type="stmt"/>
      <line num="81" count="228" type="stmt"/>
      <line num="84" count="46" type="stmt"/>
      <line num="85" count="46" type="stmt"/>
      <line num="86" count="46" type="stmt"/>
      <line num="87" count="46" type="stmt"/>
      <line num="88" count="46" type="stmt"/>
      <line num="94" count="137" type="stmt"/>
      <line num="99" count="137" type="cond" truecount="2" falsecount="2"/>
      <line num="100" count="0" type="stmt"/>
      <line num="103" count="137" type="stmt"/>
      <line num="104" count="137" type="cond" truecount="1" falsecount="1"/>
      <line num="105" count="0" type="stmt"/>
      <line num="110" count="137" type="stmt"/>
      <line num="111" count="137" type="stmt"/>
      <line num="112" count="137" type="cond" truecount="1" falsecount="1"/>
      <line num="113" count="0" type="stmt"/>
      <line num="115" count="137" type="cond" truecount="2" falsecount="3"/>
      <line num="116" count="0" type="stmt"/>
      <line num="119" count="137" type="stmt"/>
      <line num="120" count="137" type="stmt"/>
      <line num="121" count="137" type="cond" truecount="1" falsecount="1"/>
      <line num="122" count="0" type="stmt"/>
      <line num="124" count="137" type="cond" truecount="2" falsecount="3"/>
      <line num="125" count="0" type="stmt"/>
      <line num="128" count="137" type="stmt"/>
      <line num="129" count="137" type="stmt"/>
      <line num="130" count="137" type="cond" truecount="1" falsecount="1"/>
      <line num="131" count="0" type="stmt"/>
      <line num="133" count="137" type="cond" truecount="2" falsecount="3"/>
      <line num="134" count="0" type="stmt"/>
      <line num="137" count="137" type="stmt"/>
      <line num="138" count="137" type="stmt"/>
      <line num="139" count="137" type="cond" truecount="1" falsecount="1"/>
      <line num="140" count="0" type="stmt"/>
      <line num="142" count="137" type="cond" truecount="2" falsecount="3"/>
      <line num="143" count="0" type="stmt"/>
      <line num="146" count="137" type="stmt"/>
      <line num="147" count="137" type="stmt"/>
      <line num="148" count="137" type="cond" truecount="1" falsecount="2"/>
      <line num="149" count="0" type="stmt"/>
      <line num="151" count="137" type="cond" truecount="2" falsecount="5"/>
      <line num="152" count="0" type="stmt"/>
      <line num="155" count="137" type="stmt"/>
      <line num="156" count="137" type="stmt"/>
      <line num="157" count="137" type="cond" truecount="1" falsecount="2"/>
      <line num="158" count="0" type="stmt"/>
      <line num="160" count="137" type="cond" truecount="2" falsecount="5"/>
      <line num="161" count="0" type="stmt"/>
      <line num="164" count="137" type="stmt"/>
      <line num="165" count="137" type="stmt"/>
      <line num="166" count="137" type="cond" truecount="1" falsecount="2"/>
      <line num="167" count="0" type="stmt"/>
      <line num="169" count="137" type="cond" truecount="2" falsecount="5"/>
      <line num="170" count="0" type="stmt"/>
      <line num="173" count="137" type="stmt"/>
      <line num="174" count="137" type="stmt"/>
      <line num="175" count="137" type="cond" truecount="1" falsecount="2"/>
      <line num="176" count="0" type="stmt"/>
      <line num="178" count="137" type="cond" truecount="2" falsecount="5"/>
      <line num="179" count="0" type="stmt"/>
      <line num="183" count="137" type="stmt"/>
      <line num="190" count="128" type="cond" truecount="1" falsecount="1"/>
      <line num="191" count="128" type="stmt"/>
      <line num="195" count="0" type="stmt"/>
      <line num="198" count="0" type="stmt"/>
      <line num="199" count="0" type="stmt"/>
      <line num="200" count="0" type="cond" truecount="0" falsecount="3"/>
      <line num="201" count="0" type="stmt"/>
      <line num="203" count="0" type="cond" truecount="0" falsecount="4"/>
      <line num="204" count="0" type="stmt"/>
      <line num="205" count="0" type="stmt"/>
      <line num="209" count="0" type="stmt"/>
      <line num="210" count="0" type="stmt"/>
      <line num="211" count="0" type="cond" truecount="0" falsecount="3"/>
      <line num="212" count="0" type="stmt"/>
      <line num="214" count="0" type="cond" truecount="0" falsecount="4"/>
      <line num="215" count="0" type="stmt"/>
      <line num="216" count="0" type="stmt"/>
      <line num="221" count="0" type="stmt"/>
      <line num="222" count="0" type="stmt"/>
      <line num="223" count="0" type="cond" truecount="0" falsecount="3"/>
      <line num="224" count="0" type="stmt"/>
      <line num="226" count="0" type="cond" truecount="0" falsecount="4"/>
      <line num="227" count="0" type="stmt"/>
      <line num="228" count="0" type="stmt"/>
      <line num="232" count="0" type="stmt"/>
      <line num="233" count="0" type="stmt"/>
      <line num="234" count="0" type="cond" truecount="0" falsecount="3"/>
      <line num="235" count="0" type="stmt"/>
      <line num="237" count="0" type="cond" truecount="0" falsecount="4"/>
      <line num="238" count="0" type="stmt"/>
      <line num="239" count="0" type="stmt"/>
      <line num="243" count="0" type="stmt"/>
      <line num="244" count="0" type="stmt"/>
      <line num="245" count="0" type="cond" truecount="0" falsecount="4"/>
      <line num="246" count="0" type="stmt"/>
      <line num="247" count="0" type="stmt"/>
      <line num="249" count="0" type="cond" truecount="0" falsecount="5"/>
      <line num="250" count="0" type="cond" truecount="0" falsecount="2"/>
      <line num="251" count="0" type="stmt"/>
      <line num="255" count="0" type="stmt"/>
      <line num="256" count="0" type="stmt"/>
      <line num="257" count="0" type="cond" truecount="0" falsecount="4"/>
      <line num="258" count="0" type="stmt"/>
      <line num="259" count="0" type="stmt"/>
      <line num="261" count="0" type="cond" truecount="0" falsecount="5"/>
      <line num="262" count="0" type="cond" truecount="0" falsecount="2"/>
      <line num="263" count="0" type="stmt"/>
      <line num="267" count="0" type="stmt"/>
      <line num="268" count="0" type="stmt"/>
      <line num="269" count="0" type="cond" truecount="0" falsecount="4"/>
      <line num="270" count="0" type="stmt"/>
      <line num="271" count="0" type="stmt"/>
      <line num="273" count="0" type="cond" truecount="0" falsecount="5"/>
      <line num="274" count="0" type="cond" truecount="0" falsecount="2"/>
      <line num="275" count="0" type="stmt"/>
      <line num="279" count="0" type="stmt"/>
      <line num="280" count="0" type="stmt"/>
      <line num="281" count="0" type="cond" truecount="0" falsecount="4"/>
      <line num="282" count="0" type="stmt"/>
      <line num="283" count="0" type="stmt"/>
      <line num="285" count="0" type="cond" truecount="0" falsecount="5"/>
      <line num="286" count="0" type="cond" truecount="0" falsecount="2"/>
      <line num="287" count="0" type="stmt"/>
      <line num="293" count="0" type="cond" truecount="0" falsecount="2"/>
      <line num="294" count="0" type="stmt"/>
      <line num="300" count="7" type="cond" truecount="2" falsecount="0"/>
      <line num="301" count="3" type="stmt"/>
      <line num="303" count="4" type="stmt"/>
      <line num="305" count="7" type="cond" truecount="2" falsecount="0"/>
      <line num="306" count="4" type="stmt"/>
      <line num="308" count="3" type="stmt"/>
      <line num="314" count="2" type="stmt"/>
      <line num="321" count="2" type="stmt"/>
      <line num="322" count="0" type="stmt"/>
      <line num="323" count="0" type="cond" truecount="0" falsecount="6"/>
      <line num="325" count="0" type="stmt"/>
      <line num="331" count="2" type="stmt"/>
      <line num="336" count="5" type="stmt"/>
      <line num="337" count="0" type="stmt"/>
      <line num="338" count="0" type="cond" truecount="0" falsecount="2"/>
      <line num="339" count="0" type="stmt"/>
      <line num="344" count="5" type="stmt"/>
      <line num="349" count="4" type="cond" truecount="1" falsecount="2"/>
      <line num="357" count="3" type="stmt"/>
      <line num="359" count="3" type="stmt"/>
      <line num="360" count="0" type="stmt"/>
      <line num="361" count="0" type="cond" truecount="0" falsecount="2"/>
      <line num="362" count="0" type="stmt"/>
      <line num="364" count="0" type="cond" truecount="0" falsecount="2"/>
      <line num="365" count="0" type="stmt"/>
      <line num="369" count="3" type="cond" truecount="1" falsecount="1"/>
      <line num="370" count="0" type="stmt"/>
      <line num="371" count="3" type="cond" truecount="0" falsecount="2"/>
      <line num="372" count="0" type="stmt"/>
      <line num="374" count="0" type="stmt"/>
      <line num="380" count="1" type="stmt"/>
      <line num="381" count="1" type="stmt"/>
      <line num="382" count="4" type="stmt"/>
      <line num="384" count="1" type="stmt"/>
      <line num="385" count="1" type="stmt"/>
      <line num="386" count="4" type="stmt"/>
      <line num="387" count="4" type="stmt"/>
      <line num="389" count="1" type="stmt"/>
      <line num="396" count="0" type="cond" truecount="0" falsecount="2"/>
      <line num="397" count="0" type="stmt"/>
      <line num="398" count="0" type="stmt"/>
      <line num="399" count="0" type="stmt"/>
      <line num="400" count="0" type="stmt"/>
      <line num="404" count="0" type="stmt"/>
      <line num="405" count="0" type="stmt"/>
      <line num="406" count="0" type="stmt"/>
      <line num="408" count="0" type="cond" truecount="0" falsecount="9"/>
      <line num="409" count="0" type="stmt"/>
      <line num="410" count="0" type="stmt"/>
      <line num="413" count="0" type="stmt"/>
      <line num="415" count="0" type="stmt"/>
      <line num="416" count="0" type="stmt"/>
      <line num="417" count="0" type="stmt"/>
      <line num="421" count="0" type="stmt"/>
      <line num="422" count="0" type="stmt"/>
      <line num="424" count="0" type="cond" truecount="0" falsecount="2"/>
      <line num="425" count="0" type="stmt"/>
      <line num="426" count="0" type="stmt"/>
      <line num="428" count="0" type="stmt"/>
      <line num="429" count="0" type="stmt"/>
      <line num="430" count="0" type="stmt"/>
      <line num="431" count="0" type="stmt"/>
      <line num="432" count="0" type="stmt"/>
      <line num="433" count="0" type="cond" truecount="0" falsecount="6"/>
      <line num="434" count="0" type="stmt"/>
      <line num="435" count="0" type="stmt"/>
      <line num="437" count="0" type="stmt"/>
      <line num="438" count="0" type="stmt"/>
      <line num="439" count="0" type="cond" truecount="0" falsecount="2"/>
      <line num="440" count="0" type="stmt"/>
      <line num="441" count="0" type="stmt"/>
      <line num="443" count="0" type="stmt"/>
      <line num="445" count="0" type="stmt"/>
      <line num="450" count="0" type="stmt"/>
      <line num="451" count="0" type="stmt"/>
      <line num="452" count="0" type="cond" truecount="0" falsecount="2"/>
      <line num="453" count="0" type="stmt"/>
      <line num="454" count="0" type="cond" truecount="0" falsecount="2"/>
      <line num="455" count="0" type="stmt"/>
      <line num="457" count="0" type="stmt"/>
      <line num="460" count="1" type="stmt"/>
    </file>
  </project>
</coverage>
