{"C:\\Users\\Owner\\Documents\\SPL343\\JavaScript\\OthelloJS\\Othello.js": {"path":"C:\\Users\\Owner\\Documents\\SPL343\\JavaScript\\OthelloJS\\Othello.js","statementMap":{"0":{"start":{"line":14,"column":21},"end":{"line":14,"column":45}},"1":{"start":{"line":21,"column":4},"end":{"line":23,"column":5}},"2":{"start":{"line":22,"column":6},"end":{"line":22,"column":55}},"3":{"start":{"line":24,"column":4},"end":{"line":26,"column":5}},"4":{"start":{"line":25,"column":6},"end":{"line":25,"column":58}},"5":{"start":{"line":27,"column":4},"end":{"line":29,"column":5}},"6":{"start":{"line":28,"column":6},"end":{"line":28,"column":49}},"7":{"start":{"line":32,"column":4},"end":{"line":32,"column":21}},"8":{"start":{"line":33,"column":4},"end":{"line":33,"column":28}},"9":{"start":{"line":34,"column":4},"end":{"line":34,"column":26}},"10":{"start":{"line":38,"column":4},"end":{"line":44,"column":5}},"11":{"start":{"line":39,"column":6},"end":{"line":39,"column":30}},"12":{"start":{"line":40,"column":6},"end":{"line":40,"column":80}},"13":{"start":{"line":42,"column":6},"end":{"line":42,"column":30}},"14":{"start":{"line":43,"column":6},"end":{"line":43,"column":80}},"15":{"start":{"line":47,"column":4},"end":{"line":47,"column":38}},"16":{"start":{"line":48,"column":4},"end":{"line":51,"column":5}},"17":{"start":{"line":48,"column":17},"end":{"line":48,"column":18}},"18":{"start":{"line":49,"column":6},"end":{"line":49,"column":43}},"19":{"start":{"line":50,"column":6},"end":{"line":50,"column":28}},"20":{"start":{"line":54,"column":4},"end":{"line":54,"column":27}},"21":{"start":{"line":59,"column":4},"end":{"line":59,"column":15}},"22":{"start":{"line":64,"column":4},"end":{"line":64,"column":15}},"23":{"start":{"line":69,"column":4},"end":{"line":69,"column":15}},"24":{"start":{"line":74,"column":4},"end":{"line":74,"column":15}},"25":{"start":{"line":79,"column":4},"end":{"line":89,"column":5}},"26":{"start":{"line":79,"column":17},"end":{"line":79,"column":18}},"27":{"start":{"line":80,"column":6},"end":{"line":82,"column":7}},"28":{"start":{"line":80,"column":19},"end":{"line":80,"column":20}},"29":{"start":{"line":81,"column":8},"end":{"line":81,"column":38}},"30":{"start":{"line":84,"column":16},"end":{"line":84,"column":35}},"31":{"start":{"line":85,"column":6},"end":{"line":85,"column":40}},"32":{"start":{"line":86,"column":6},"end":{"line":86,"column":44}},"33":{"start":{"line":87,"column":6},"end":{"line":87,"column":48}},"34":{"start":{"line":88,"column":6},"end":{"line":88,"column":44}},"35":{"start":{"line":94,"column":4},"end":{"line":94,"column":56}},"36":{"start":{"line":99,"column":4},"end":{"line":101,"column":5}},"37":{"start":{"line":100,"column":6},"end":{"line":100,"column":19}},"38":{"start":{"line":103,"column":22},"end":{"line":103,"column":32}},"39":{"start":{"line":104,"column":4},"end":{"line":106,"column":5}},"40":{"start":{"line":105,"column":6},"end":{"line":105,"column":31}},"41":{"start":{"line":110,"column":4},"end":{"line":110,"column":17}},"42":{"start":{"line":111,"column":4},"end":{"line":111,"column":21}},"43":{"start":{"line":112,"column":4},"end":{"line":114,"column":5}},"44":{"start":{"line":113,"column":6},"end":{"line":113,"column":10}},"45":{"start":{"line":115,"column":4},"end":{"line":117,"column":5}},"46":{"start":{"line":116,"column":6},"end":{"line":116,"column":18}},"47":{"start":{"line":119,"column":4},"end":{"line":119,"column":17}},"48":{"start":{"line":120,"column":4},"end":{"line":120,"column":21}},"49":{"start":{"line":121,"column":4},"end":{"line":123,"column":5}},"50":{"start":{"line":122,"column":6},"end":{"line":122,"column":10}},"51":{"start":{"line":124,"column":4},"end":{"line":126,"column":5}},"52":{"start":{"line":125,"column":6},"end":{"line":125,"column":18}},"53":{"start":{"line":128,"column":4},"end":{"line":128,"column":19}},"54":{"start":{"line":129,"column":4},"end":{"line":129,"column":17}},"55":{"start":{"line":130,"column":4},"end":{"line":132,"column":5}},"56":{"start":{"line":131,"column":6},"end":{"line":131,"column":10}},"57":{"start":{"line":133,"column":4},"end":{"line":135,"column":5}},"58":{"start":{"line":134,"column":6},"end":{"line":134,"column":18}},"59":{"start":{"line":137,"column":4},"end":{"line":137,"column":20}},"60":{"start":{"line":138,"column":4},"end":{"line":138,"column":17}},"61":{"start":{"line":139,"column":4},"end":{"line":141,"column":5}},"62":{"start":{"line":140,"column":6},"end":{"line":140,"column":10}},"63":{"start":{"line":142,"column":4},"end":{"line":144,"column":5}},"64":{"start":{"line":143,"column":6},"end":{"line":143,"column":18}},"65":{"start":{"line":146,"column":4},"end":{"line":146,"column":21}},"66":{"start":{"line":147,"column":4},"end":{"line":147,"column":21}},"67":{"start":{"line":148,"column":4},"end":{"line":150,"column":5}},"68":{"start":{"line":149,"column":6},"end":{"line":149,"column":14}},"69":{"start":{"line":151,"column":4},"end":{"line":153,"column":5}},"70":{"start":{"line":152,"column":6},"end":{"line":152,"column":18}},"71":{"start":{"line":155,"column":4},"end":{"line":155,"column":21}},"72":{"start":{"line":156,"column":4},"end":{"line":156,"column":21}},"73":{"start":{"line":157,"column":4},"end":{"line":159,"column":5}},"74":{"start":{"line":158,"column":6},"end":{"line":158,"column":14}},"75":{"start":{"line":160,"column":4},"end":{"line":162,"column":5}},"76":{"start":{"line":161,"column":6},"end":{"line":161,"column":18}},"77":{"start":{"line":164,"column":4},"end":{"line":164,"column":21}},"78":{"start":{"line":165,"column":4},"end":{"line":165,"column":21}},"79":{"start":{"line":166,"column":4},"end":{"line":168,"column":5}},"80":{"start":{"line":167,"column":6},"end":{"line":167,"column":14}},"81":{"start":{"line":169,"column":4},"end":{"line":171,"column":5}},"82":{"start":{"line":170,"column":6},"end":{"line":170,"column":18}},"83":{"start":{"line":173,"column":4},"end":{"line":173,"column":21}},"84":{"start":{"line":174,"column":4},"end":{"line":174,"column":21}},"85":{"start":{"line":175,"column":4},"end":{"line":177,"column":5}},"86":{"start":{"line":176,"column":6},"end":{"line":176,"column":14}},"87":{"start":{"line":178,"column":4},"end":{"line":180,"column":5}},"88":{"start":{"line":179,"column":6},"end":{"line":179,"column":18}},"89":{"start":{"line":183,"column":4},"end":{"line":183,"column":17}},"90":{"start":{"line":190,"column":4},"end":{"line":192,"column":5}},"91":{"start":{"line":191,"column":6},"end":{"line":191,"column":13}},"92":{"start":{"line":195,"column":4},"end":{"line":195,"column":37}},"93":{"start":{"line":198,"column":4},"end":{"line":198,"column":17}},"94":{"start":{"line":199,"column":4},"end":{"line":199,"column":21}},"95":{"start":{"line":200,"column":4},"end":{"line":202,"column":5}},"96":{"start":{"line":201,"column":6},"end":{"line":201,"column":10}},"97":{"start":{"line":203,"column":4},"end":{"line":207,"column":5}},"98":{"start":{"line":204,"column":6},"end":{"line":206,"column":7}},"99":{"start":{"line":204,"column":19},"end":{"line":204,"column":22}},"100":{"start":{"line":205,"column":8},"end":{"line":205,"column":37}},"101":{"start":{"line":209,"column":4},"end":{"line":209,"column":17}},"102":{"start":{"line":210,"column":4},"end":{"line":210,"column":21}},"103":{"start":{"line":211,"column":4},"end":{"line":213,"column":5}},"104":{"start":{"line":212,"column":6},"end":{"line":212,"column":10}},"105":{"start":{"line":214,"column":4},"end":{"line":218,"column":5}},"106":{"start":{"line":215,"column":6},"end":{"line":217,"column":7}},"107":{"start":{"line":215,"column":19},"end":{"line":215,"column":22}},"108":{"start":{"line":216,"column":8},"end":{"line":216,"column":37}},"109":{"start":{"line":221,"column":4},"end":{"line":221,"column":21}},"110":{"start":{"line":222,"column":4},"end":{"line":222,"column":17}},"111":{"start":{"line":223,"column":4},"end":{"line":225,"column":5}},"112":{"start":{"line":224,"column":6},"end":{"line":224,"column":10}},"113":{"start":{"line":226,"column":4},"end":{"line":230,"column":5}},"114":{"start":{"line":227,"column":6},"end":{"line":229,"column":7}},"115":{"start":{"line":227,"column":19},"end":{"line":227,"column":22}},"116":{"start":{"line":228,"column":8},"end":{"line":228,"column":37}},"117":{"start":{"line":232,"column":4},"end":{"line":232,"column":21}},"118":{"start":{"line":233,"column":4},"end":{"line":233,"column":17}},"119":{"start":{"line":234,"column":4},"end":{"line":236,"column":5}},"120":{"start":{"line":235,"column":6},"end":{"line":235,"column":10}},"121":{"start":{"line":237,"column":4},"end":{"line":241,"column":5}},"122":{"start":{"line":238,"column":6},"end":{"line":240,"column":7}},"123":{"start":{"line":238,"column":19},"end":{"line":238,"column":22}},"124":{"start":{"line":239,"column":8},"end":{"line":239,"column":37}},"125":{"start":{"line":243,"column":4},"end":{"line":243,"column":21}},"126":{"start":{"line":244,"column":4},"end":{"line":244,"column":21}},"127":{"start":{"line":245,"column":4},"end":{"line":248,"column":5}},"128":{"start":{"line":246,"column":6},"end":{"line":246,"column":10}},"129":{"start":{"line":247,"column":6},"end":{"line":247,"column":10}},"130":{"start":{"line":249,"column":4},"end":{"line":253,"column":5}},"131":{"start":{"line":250,"column":6},"end":{"line":252,"column":7}},"132":{"start":{"line":250,"column":19},"end":{"line":250,"column":22}},"133":{"start":{"line":250,"column":28},"end":{"line":250,"column":31}},"134":{"start":{"line":251,"column":8},"end":{"line":251,"column":37}},"135":{"start":{"line":255,"column":4},"end":{"line":255,"column":21}},"136":{"start":{"line":256,"column":4},"end":{"line":256,"column":21}},"137":{"start":{"line":257,"column":4},"end":{"line":260,"column":5}},"138":{"start":{"line":258,"column":6},"end":{"line":258,"column":10}},"139":{"start":{"line":259,"column":6},"end":{"line":259,"column":10}},"140":{"start":{"line":261,"column":4},"end":{"line":265,"column":5}},"141":{"start":{"line":262,"column":6},"end":{"line":264,"column":7}},"142":{"start":{"line":262,"column":19},"end":{"line":262,"column":22}},"143":{"start":{"line":262,"column":28},"end":{"line":262,"column":31}},"144":{"start":{"line":263,"column":8},"end":{"line":263,"column":37}},"145":{"start":{"line":267,"column":4},"end":{"line":267,"column":21}},"146":{"start":{"line":268,"column":4},"end":{"line":268,"column":21}},"147":{"start":{"line":269,"column":4},"end":{"line":272,"column":5}},"148":{"start":{"line":270,"column":6},"end":{"line":270,"column":10}},"149":{"start":{"line":271,"column":6},"end":{"line":271,"column":10}},"150":{"start":{"line":273,"column":4},"end":{"line":277,"column":5}},"151":{"start":{"line":274,"column":6},"end":{"line":276,"column":7}},"152":{"start":{"line":274,"column":19},"end":{"line":274,"column":22}},"153":{"start":{"line":274,"column":28},"end":{"line":274,"column":31}},"154":{"start":{"line":275,"column":8},"end":{"line":275,"column":37}},"155":{"start":{"line":279,"column":4},"end":{"line":279,"column":21}},"156":{"start":{"line":280,"column":4},"end":{"line":280,"column":21}},"157":{"start":{"line":281,"column":4},"end":{"line":284,"column":5}},"158":{"start":{"line":282,"column":6},"end":{"line":282,"column":10}},"159":{"start":{"line":283,"column":6},"end":{"line":283,"column":10}},"160":{"start":{"line":285,"column":4},"end":{"line":289,"column":5}},"161":{"start":{"line":286,"column":6},"end":{"line":288,"column":7}},"162":{"start":{"line":286,"column":19},"end":{"line":286,"column":22}},"163":{"start":{"line":286,"column":28},"end":{"line":286,"column":31}},"164":{"start":{"line":287,"column":8},"end":{"line":287,"column":37}},"165":{"start":{"line":293,"column":4},"end":{"line":295,"column":5}},"166":{"start":{"line":294,"column":6},"end":{"line":294,"column":29}},"167":{"start":{"line":300,"column":4},"end":{"line":304,"column":5}},"168":{"start":{"line":301,"column":6},"end":{"line":301,"column":20}},"169":{"start":{"line":303,"column":6},"end":{"line":303,"column":20}},"170":{"start":{"line":305,"column":4},"end":{"line":309,"column":5}},"171":{"start":{"line":306,"column":6},"end":{"line":306,"column":32}},"172":{"start":{"line":308,"column":6},"end":{"line":308,"column":32}},"173":{"start":{"line":314,"column":4},"end":{"line":314,"column":55}},"174":{"start":{"line":321,"column":4},"end":{"line":328,"column":5}},"175":{"start":{"line":322,"column":6},"end":{"line":327,"column":7}},"176":{"start":{"line":323,"column":8},"end":{"line":326,"column":9}},"177":{"start":{"line":325,"column":10},"end":{"line":325,"column":22}},"178":{"start":{"line":331,"column":4},"end":{"line":331,"column":17}},"179":{"start":{"line":336,"column":4},"end":{"line":342,"column":5}},"180":{"start":{"line":336,"column":17},"end":{"line":336,"column":18}},"181":{"start":{"line":337,"column":6},"end":{"line":341,"column":7}},"182":{"start":{"line":337,"column":19},"end":{"line":337,"column":20}},"183":{"start":{"line":338,"column":8},"end":{"line":340,"column":9}},"184":{"start":{"line":339,"column":10},"end":{"line":339,"column":23}},"185":{"start":{"line":344,"column":4},"end":{"line":344,"column":16}},"186":{"start":{"line":349,"column":4},"end":{"line":351,"column":54}},"187":{"start":{"line":357,"column":13},"end":{"line":357,"column":14}},"188":{"start":{"line":357,"column":21},"end":{"line":357,"column":22}},"189":{"start":{"line":359,"column":4},"end":{"line":368,"column":5}},"190":{"start":{"line":359,"column":16},"end":{"line":359,"column":17}},"191":{"start":{"line":360,"column":6},"end":{"line":367,"column":7}},"192":{"start":{"line":360,"column":18},"end":{"line":360,"column":19}},"193":{"start":{"line":361,"column":8},"end":{"line":363,"column":9}},"194":{"start":{"line":362,"column":10},"end":{"line":362,"column":15}},"195":{"start":{"line":364,"column":8},"end":{"line":366,"column":9}},"196":{"start":{"line":365,"column":10},"end":{"line":365,"column":15}},"197":{"start":{"line":369,"column":4},"end":{"line":375,"column":5}},"198":{"start":{"line":370,"column":6},"end":{"line":370,"column":24}},"199":{"start":{"line":371,"column":11},"end":{"line":375,"column":5}},"200":{"start":{"line":372,"column":6},"end":{"line":372,"column":24}},"201":{"start":{"line":374,"column":6},"end":{"line":374,"column":25}},"202":{"start":{"line":380,"column":14},"end":{"line":380,"column":20}},"203":{"start":{"line":381,"column":4},"end":{"line":383,"column":5}},"204":{"start":{"line":381,"column":17},"end":{"line":381,"column":18}},"205":{"start":{"line":382,"column":6},"end":{"line":382,"column":23}},"206":{"start":{"line":384,"column":4},"end":{"line":384,"column":16}},"207":{"start":{"line":385,"column":4},"end":{"line":388,"column":5}},"208":{"start":{"line":385,"column":17},"end":{"line":385,"column":18}},"209":{"start":{"line":386,"column":6},"end":{"line":386,"column":23}},"210":{"start":{"line":387,"column":6},"end":{"line":387,"column":44}},"211":{"start":{"line":389,"column":4},"end":{"line":389,"column":15}},"212":{"start":{"line":396,"column":2},"end":{"line":401,"column":3}},"213":{"start":{"line":397,"column":4},"end":{"line":397,"column":64}},"214":{"start":{"line":398,"column":4},"end":{"line":398,"column":77}},"215":{"start":{"line":399,"column":4},"end":{"line":399,"column":50}},"216":{"start":{"line":400,"column":4},"end":{"line":400,"column":20}},"217":{"start":{"line":404,"column":13},"end":{"line":404,"column":38}},"218":{"start":{"line":405,"column":15},"end":{"line":405,"column":40}},"219":{"start":{"line":406,"column":13},"end":{"line":406,"column":42}},"220":{"start":{"line":408,"column":2},"end":{"line":411,"column":3}},"221":{"start":{"line":409,"column":4},"end":{"line":409,"column":52}},"222":{"start":{"line":410,"column":4},"end":{"line":410,"column":20}},"223":{"start":{"line":413,"column":13},"end":{"line":413,"column":44}},"224":{"start":{"line":415,"column":2},"end":{"line":415,"column":60}},"225":{"start":{"line":416,"column":2},"end":{"line":416,"column":74}},"226":{"start":{"line":417,"column":2},"end":{"line":417,"column":58}},"227":{"start":{"line":421,"column":2},"end":{"line":447,"column":3}},"228":{"start":{"line":422,"column":4},"end":{"line":422,"column":33}},"229":{"start":{"line":424,"column":4},"end":{"line":446,"column":5}},"230":{"start":{"line":425,"column":6},"end":{"line":425,"column":115}},"231":{"start":{"line":426,"column":6},"end":{"line":426,"column":29}},"232":{"start":{"line":428,"column":6},"end":{"line":444,"column":7}},"233":{"start":{"line":429,"column":8},"end":{"line":429,"column":138}},"234":{"start":{"line":430,"column":8},"end":{"line":430,"column":33}},"235":{"start":{"line":431,"column":8},"end":{"line":431,"column":34}},"236":{"start":{"line":432,"column":8},"end":{"line":432,"column":34}},"237":{"start":{"line":433,"column":8},"end":{"line":436,"column":9}},"238":{"start":{"line":434,"column":10},"end":{"line":434,"column":58}},"239":{"start":{"line":435,"column":10},"end":{"line":435,"column":19}},"240":{"start":{"line":437,"column":8},"end":{"line":437,"column":14}},"241":{"start":{"line":438,"column":8},"end":{"line":438,"column":14}},"242":{"start":{"line":439,"column":8},"end":{"line":442,"column":9}},"243":{"start":{"line":440,"column":10},"end":{"line":440,"column":69}},"244":{"start":{"line":441,"column":10},"end":{"line":441,"column":19}},"245":{"start":{"line":443,"column":8},"end":{"line":443,"column":14}},"246":{"start":{"line":445,"column":6},"end":{"line":445,"column":32}},"247":{"start":{"line":450,"column":2},"end":{"line":450,"column":31}},"248":{"start":{"line":451,"column":15},"end":{"line":451,"column":33}},"249":{"start":{"line":452,"column":2},"end":{"line":458,"column":3}},"250":{"start":{"line":453,"column":4},"end":{"line":453,"column":73}},"251":{"start":{"line":454,"column":9},"end":{"line":458,"column":3}},"252":{"start":{"line":455,"column":4},"end":{"line":455,"column":73}},"253":{"start":{"line":457,"column":4},"end":{"line":457,"column":44}},"254":{"start":{"line":460,"column":0},"end":{"line":460,"column":25}}},"fnMap":{"0":{"name":"(anonymous_0)","decl":{"start":{"line":19,"column":2},"end":{"line":19,"column":3}},"loc":{"start":{"line":19,"column":44},"end":{"line":55,"column":3}},"line":19},"1":{"name":"(anonymous_1)","decl":{"start":{"line":58,"column":2},"end":{"line":58,"column":3}},"loc":{"start":{"line":58,"column":21},"end":{"line":60,"column":3}},"line":58},"2":{"name":"(anonymous_2)","decl":{"start":{"line":63,"column":2},"end":{"line":63,"column":3}},"loc":{"start":{"line":63,"column":21},"end":{"line":65,"column":3}},"line":63},"3":{"name":"(anonymous_3)","decl":{"start":{"line":68,"column":2},"end":{"line":68,"column":3}},"loc":{"start":{"line":68,"column":21},"end":{"line":70,"column":3}},"line":68},"4":{"name":"(anonymous_4)","decl":{"start":{"line":73,"column":2},"end":{"line":73,"column":3}},"loc":{"start":{"line":73,"column":19},"end":{"line":75,"column":3}},"line":73},"5":{"name":"(anonymous_5)","decl":{"start":{"line":78,"column":2},"end":{"line":78,"column":3}},"loc":{"start":{"line":78,"column":20},"end":{"line":90,"column":3}},"line":78},"6":{"name":"(anonymous_6)","decl":{"start":{"line":93,"column":2},"end":{"line":93,"column":3}},"loc":{"start":{"line":93,"column":24},"end":{"line":95,"column":3}},"line":93},"7":{"name":"(anonymous_7)","decl":{"start":{"line":98,"column":2},"end":{"line":98,"column":3}},"loc":{"start":{"line":98,"column":37},"end":{"line":184,"column":3}},"line":98},"8":{"name":"(anonymous_8)","decl":{"start":{"line":187,"column":2},"end":{"line":187,"column":3}},"loc":{"start":{"line":187,"column":24},"end":{"line":296,"column":3}},"line":187},"9":{"name":"(anonymous_9)","decl":{"start":{"line":299,"column":2},"end":{"line":299,"column":3}},"loc":{"start":{"line":299,"column":20},"end":{"line":310,"column":3}},"line":299},"10":{"name":"(anonymous_10)","decl":{"start":{"line":313,"column":2},"end":{"line":313,"column":3}},"loc":{"start":{"line":313,"column":25},"end":{"line":315,"column":3}},"line":313},"11":{"name":"(anonymous_11)","decl":{"start":{"line":318,"column":2},"end":{"line":318,"column":3}},"loc":{"start":{"line":318,"column":36},"end":{"line":332,"column":3}},"line":318},"12":{"name":"(anonymous_12)","decl":{"start":{"line":335,"column":2},"end":{"line":335,"column":3}},"loc":{"start":{"line":335,"column":16},"end":{"line":345,"column":3}},"line":335},"13":{"name":"(anonymous_13)","decl":{"start":{"line":348,"column":2},"end":{"line":348,"column":3}},"loc":{"start":{"line":348,"column":15},"end":{"line":352,"column":3}},"line":348},"14":{"name":"(anonymous_14)","decl":{"start":{"line":356,"column":2},"end":{"line":356,"column":3}},"loc":{"start":{"line":356,"column":16},"end":{"line":376,"column":3}},"line":356},"15":{"name":"(anonymous_15)","decl":{"start":{"line":379,"column":2},"end":{"line":379,"column":3}},"loc":{"start":{"line":379,"column":13},"end":{"line":390,"column":3}},"line":379},"16":{"name":"main","decl":{"start":{"line":394,"column":9},"end":{"line":394,"column":13}},"loc":{"start":{"line":394,"column":16},"end":{"line":459,"column":1}},"line":394}},"branchMap":{"0":{"loc":{"start":{"line":21,"column":4},"end":{"line":23,"column":5}},"type":"if","locations":[{"start":{"line":21,"column":4},"end":{"line":23,"column":5}},{"start":{"line":21,"column":4},"end":{"line":23,"column":5}}],"line":21},"1":{"loc":{"start":{"line":21,"column":8},"end":{"line":21,"column":46}},"type":"binary-expr","locations":[{"start":{"line":21,"column":8},"end":{"line":21,"column":16}},{"start":{"line":21,"column":20},"end":{"line":21,"column":28}},{"start":{"line":21,"column":32},"end":{"line":21,"column":46}}],"line":21},"2":{"loc":{"start":{"line":24,"column":4},"end":{"line":26,"column":5}},"type":"if","locations":[{"start":{"line":24,"column":4},"end":{"line":26,"column":5}},{"start":{"line":24,"column":4},"end":{"line":26,"column":5}}],"line":24},"3":{"loc":{"start":{"line":24,"column":8},"end":{"line":24,"column":42}},"type":"binary-expr","locations":[{"start":{"line":24,"column":8},"end":{"line":24,"column":23}},{"start":{"line":24,"column":27},"end":{"line":24,"column":42}}],"line":24},"4":{"loc":{"start":{"line":27,"column":4},"end":{"line":29,"column":5}},"type":"if","locations":[{"start":{"line":27,"column":4},"end":{"line":29,"column":5}},{"start":{"line":27,"column":4},"end":{"line":29,"column":5}}],"line":27},"5":{"loc":{"start":{"line":27,"column":8},"end":{"line":27,"column":66}},"type":"binary-expr","locations":[{"start":{"line":27,"column":8},"end":{"line":27,"column":35}},{"start":{"line":27,"column":39},"end":{"line":27,"column":66}}],"line":27},"6":{"loc":{"start":{"line":38,"column":4},"end":{"line":44,"column":5}},"type":"if","locations":[{"start":{"line":38,"column":4},"end":{"line":44,"column":5}},{"start":{"line":38,"column":4},"end":{"line":44,"column":5}}],"line":38},"7":{"loc":{"start":{"line":40,"column":20},"end":{"line":40,"column":79}},"type":"cond-expr","locations":[{"start":{"line":40,"column":50},"end":{"line":40,"column":63}},{"start":{"line":40,"column":66},"end":{"line":40,"column":79}}],"line":40},"8":{"loc":{"start":{"line":43,"column":20},"end":{"line":43,"column":79}},"type":"cond-expr","locations":[{"start":{"line":43,"column":50},"end":{"line":43,"column":63}},{"start":{"line":43,"column":66},"end":{"line":43,"column":79}}],"line":43},"9":{"loc":{"start":{"line":99,"column":4},"end":{"line":101,"column":5}},"type":"if","locations":[{"start":{"line":99,"column":4},"end":{"line":101,"column":5}},{"start":{"line":99,"column":4},"end":{"line":101,"column":5}}],"line":99},"10":{"loc":{"start":{"line":99,"column":9},"end":{"line":99,"column":29}},"type":"binary-expr","locations":[{"start":{"line":99,"column":9},"end":{"line":99,"column":17}},{"start":{"line":99,"column":21},"end":{"line":99,"column":29}}],"line":99},"11":{"loc":{"start":{"line":104,"column":4},"end":{"line":106,"column":5}},"type":"if","locations":[{"start":{"line":104,"column":4},"end":{"line":106,"column":5}},{"start":{"line":104,"column":4},"end":{"line":106,"column":5}}],"line":104},"12":{"loc":{"start":{"line":112,"column":11},"end":{"line":112,"column":52}},"type":"binary-expr","locations":[{"start":{"line":112,"column":11},"end":{"line":112,"column":17}},{"start":{"line":112,"column":21},"end":{"line":112,"column":52}}],"line":112},"13":{"loc":{"start":{"line":115,"column":4},"end":{"line":117,"column":5}},"type":"if","locations":[{"start":{"line":115,"column":4},"end":{"line":117,"column":5}},{"start":{"line":115,"column":4},"end":{"line":117,"column":5}}],"line":115},"14":{"loc":{"start":{"line":115,"column":8},"end":{"line":115,"column":72}},"type":"binary-expr","locations":[{"start":{"line":115,"column":8},"end":{"line":115,"column":14}},{"start":{"line":115,"column":18},"end":{"line":115,"column":39}},{"start":{"line":115,"column":43},"end":{"line":115,"column":72}}],"line":115},"15":{"loc":{"start":{"line":121,"column":11},"end":{"line":121,"column":59}},"type":"binary-expr","locations":[{"start":{"line":121,"column":11},"end":{"line":121,"column":24}},{"start":{"line":121,"column":28},"end":{"line":121,"column":59}}],"line":121},"16":{"loc":{"start":{"line":124,"column":4},"end":{"line":126,"column":5}},"type":"if","locations":[{"start":{"line":124,"column":4},"end":{"line":126,"column":5}},{"start":{"line":124,"column":4},"end":{"line":126,"column":5}}],"line":124},"17":{"loc":{"start":{"line":124,"column":8},"end":{"line":124,"column":79}},"type":"binary-expr","locations":[{"start":{"line":124,"column":8},"end":{"line":124,"column":21}},{"start":{"line":124,"column":25},"end":{"line":124,"column":46}},{"start":{"line":124,"column":50},"end":{"line":124,"column":79}}],"line":124},"18":{"loc":{"start":{"line":130,"column":11},"end":{"line":130,"column":52}},"type":"binary-expr","locations":[{"start":{"line":130,"column":11},"end":{"line":130,"column":17}},{"start":{"line":130,"column":21},"end":{"line":130,"column":52}}],"line":130},"19":{"loc":{"start":{"line":133,"column":4},"end":{"line":135,"column":5}},"type":"if","locations":[{"start":{"line":133,"column":4},"end":{"line":135,"column":5}},{"start":{"line":133,"column":4},"end":{"line":135,"column":5}}],"line":133},"20":{"loc":{"start":{"line":133,"column":8},"end":{"line":133,"column":72}},"type":"binary-expr","locations":[{"start":{"line":133,"column":8},"end":{"line":133,"column":14}},{"start":{"line":133,"column":18},"end":{"line":133,"column":39}},{"start":{"line":133,"column":43},"end":{"line":133,"column":72}}],"line":133},"21":{"loc":{"start":{"line":139,"column":11},"end":{"line":139,"column":59}},"type":"binary-expr","locations":[{"start":{"line":139,"column":11},"end":{"line":139,"column":24}},{"start":{"line":139,"column":28},"end":{"line":139,"column":59}}],"line":139},"22":{"loc":{"start":{"line":142,"column":4},"end":{"line":144,"column":5}},"type":"if","locations":[{"start":{"line":142,"column":4},"end":{"line":144,"column":5}},{"start":{"line":142,"column":4},"end":{"line":144,"column":5}}],"line":142},"23":{"loc":{"start":{"line":142,"column":8},"end":{"line":142,"column":79}},"type":"binary-expr","locations":[{"start":{"line":142,"column":8},"end":{"line":142,"column":21}},{"start":{"line":142,"column":25},"end":{"line":142,"column":46}},{"start":{"line":142,"column":50},"end":{"line":142,"column":79}}],"line":142},"24":{"loc":{"start":{"line":148,"column":11},"end":{"line":148,"column":69}},"type":"binary-expr","locations":[{"start":{"line":148,"column":11},"end":{"line":148,"column":17}},{"start":{"line":148,"column":21},"end":{"line":148,"column":34}},{"start":{"line":148,"column":38},"end":{"line":148,"column":69}}],"line":148},"25":{"loc":{"start":{"line":151,"column":4},"end":{"line":153,"column":5}},"type":"if","locations":[{"start":{"line":151,"column":4},"end":{"line":153,"column":5}},{"start":{"line":151,"column":4},"end":{"line":153,"column":5}}],"line":151},"26":{"loc":{"start":{"line":151,"column":8},"end":{"line":151,"column":112}},"type":"binary-expr","locations":[{"start":{"line":151,"column":8},"end":{"line":151,"column":14}},{"start":{"line":151,"column":18},"end":{"line":151,"column":31}},{"start":{"line":151,"column":35},"end":{"line":151,"column":56}},{"start":{"line":151,"column":60},"end":{"line":151,"column":79}},{"start":{"line":151,"column":83},"end":{"line":151,"column":112}}],"line":151},"27":{"loc":{"start":{"line":157,"column":11},"end":{"line":157,"column":62}},"type":"binary-expr","locations":[{"start":{"line":157,"column":11},"end":{"line":157,"column":17}},{"start":{"line":157,"column":21},"end":{"line":157,"column":27}},{"start":{"line":157,"column":31},"end":{"line":157,"column":62}}],"line":157},"28":{"loc":{"start":{"line":160,"column":4},"end":{"line":162,"column":5}},"type":"if","locations":[{"start":{"line":160,"column":4},"end":{"line":162,"column":5}},{"start":{"line":160,"column":4},"end":{"line":162,"column":5}}],"line":160},"29":{"loc":{"start":{"line":160,"column":8},"end":{"line":160,"column":107}},"type":"binary-expr","locations":[{"start":{"line":160,"column":8},"end":{"line":160,"column":14}},{"start":{"line":160,"column":18},"end":{"line":160,"column":24}},{"start":{"line":160,"column":28},"end":{"line":160,"column":49}},{"start":{"line":160,"column":53},"end":{"line":160,"column":74}},{"start":{"line":160,"column":78},"end":{"line":160,"column":107}}],"line":160},"30":{"loc":{"start":{"line":166,"column":11},"end":{"line":166,"column":76}},"type":"binary-expr","locations":[{"start":{"line":166,"column":11},"end":{"line":166,"column":24}},{"start":{"line":166,"column":28},"end":{"line":166,"column":41}},{"start":{"line":166,"column":45},"end":{"line":166,"column":76}}],"line":166},"31":{"loc":{"start":{"line":169,"column":4},"end":{"line":171,"column":5}},"type":"if","locations":[{"start":{"line":169,"column":4},"end":{"line":171,"column":5}},{"start":{"line":169,"column":4},"end":{"line":171,"column":5}}],"line":169},"32":{"loc":{"start":{"line":169,"column":8},"end":{"line":169,"column":119}},"type":"binary-expr","locations":[{"start":{"line":169,"column":8},"end":{"line":169,"column":21}},{"start":{"line":169,"column":25},"end":{"line":169,"column":38}},{"start":{"line":169,"column":42},"end":{"line":169,"column":63}},{"start":{"line":169,"column":67},"end":{"line":169,"column":86}},{"start":{"line":169,"column":90},"end":{"line":169,"column":119}}],"line":169},"33":{"loc":{"start":{"line":175,"column":11},"end":{"line":175,"column":69}},"type":"binary-expr","locations":[{"start":{"line":175,"column":11},"end":{"line":175,"column":24}},{"start":{"line":175,"column":28},"end":{"line":175,"column":34}},{"start":{"line":175,"column":38},"end":{"line":175,"column":69}}],"line":175},"34":{"loc":{"start":{"line":178,"column":4},"end":{"line":180,"column":5}},"type":"if","locations":[{"start":{"line":178,"column":4},"end":{"line":180,"column":5}},{"start":{"line":178,"column":4},"end":{"line":180,"column":5}}],"line":178},"35":{"loc":{"start":{"line":178,"column":8},"end":{"line":178,"column":107}},"type":"binary-expr","locations":[{"start":{"line":178,"column":8},"end":{"line":178,"column":21}},{"start":{"line":178,"column":25},"end":{"line":178,"column":31}},{"start":{"line":178,"column":35},"end":{"line":178,"column":56}},{"start":{"line":178,"column":60},"end":{"line":178,"column":74}},{"start":{"line":178,"column":78},"end":{"line":178,"column":107}}],"line":178},"36":{"loc":{"start":{"line":190,"column":4},"end":{"line":192,"column":5}},"type":"if","locations":[{"start":{"line":190,"column":4},"end":{"line":192,"column":5}},{"start":{"line":190,"column":4},"end":{"line":192,"column":5}}],"line":190},"37":{"loc":{"start":{"line":200,"column":11},"end":{"line":200,"column":84}},"type":"binary-expr","locations":[{"start":{"line":200,"column":11},"end":{"line":200,"column":17}},{"start":{"line":200,"column":21},"end":{"line":200,"column":51}},{"start":{"line":200,"column":55},"end":{"line":200,"column":84}}],"line":200},"38":{"loc":{"start":{"line":203,"column":4},"end":{"line":207,"column":5}},"type":"if","locations":[{"start":{"line":203,"column":4},"end":{"line":207,"column":5}},{"start":{"line":203,"column":4},"end":{"line":207,"column":5}}],"line":203},"39":{"loc":{"start":{"line":203,"column":8},"end":{"line":203,"column":47}},"type":"binary-expr","locations":[{"start":{"line":203,"column":8},"end":{"line":203,"column":14}},{"start":{"line":203,"column":18},"end":{"line":203,"column":47}}],"line":203},"40":{"loc":{"start":{"line":211,"column":11},"end":{"line":211,"column":91}},"type":"binary-expr","locations":[{"start":{"line":211,"column":11},"end":{"line":211,"column":24}},{"start":{"line":211,"column":28},"end":{"line":211,"column":58}},{"start":{"line":211,"column":62},"end":{"line":211,"column":91}}],"line":211},"41":{"loc":{"start":{"line":214,"column":4},"end":{"line":218,"column":5}},"type":"if","locations":[{"start":{"line":214,"column":4},"end":{"line":218,"column":5}},{"start":{"line":214,"column":4},"end":{"line":218,"column":5}}],"line":214},"42":{"loc":{"start":{"line":214,"column":8},"end":{"line":214,"column":54}},"type":"binary-expr","locations":[{"start":{"line":214,"column":8},"end":{"line":214,"column":21}},{"start":{"line":214,"column":25},"end":{"line":214,"column":54}}],"line":214},"43":{"loc":{"start":{"line":223,"column":11},"end":{"line":223,"column":84}},"type":"binary-expr","locations":[{"start":{"line":223,"column":11},"end":{"line":223,"column":17}},{"start":{"line":223,"column":21},"end":{"line":223,"column":51}},{"start":{"line":223,"column":55},"end":{"line":223,"column":84}}],"line":223},"44":{"loc":{"start":{"line":226,"column":4},"end":{"line":230,"column":5}},"type":"if","locations":[{"start":{"line":226,"column":4},"end":{"line":230,"column":5}},{"start":{"line":226,"column":4},"end":{"line":230,"column":5}}],"line":226},"45":{"loc":{"start":{"line":226,"column":8},"end":{"line":226,"column":47}},"type":"binary-expr","locations":[{"start":{"line":226,"column":8},"end":{"line":226,"column":14}},{"start":{"line":226,"column":18},"end":{"line":226,"column":47}}],"line":226},"46":{"loc":{"start":{"line":234,"column":11},"end":{"line":234,"column":91}},"type":"binary-expr","locations":[{"start":{"line":234,"column":11},"end":{"line":234,"column":24}},{"start":{"line":234,"column":28},"end":{"line":234,"column":58}},{"start":{"line":234,"column":62},"end":{"line":234,"column":91}}],"line":234},"47":{"loc":{"start":{"line":237,"column":4},"end":{"line":241,"column":5}},"type":"if","locations":[{"start":{"line":237,"column":4},"end":{"line":241,"column":5}},{"start":{"line":237,"column":4},"end":{"line":241,"column":5}}],"line":237},"48":{"loc":{"start":{"line":237,"column":8},"end":{"line":237,"column":54}},"type":"binary-expr","locations":[{"start":{"line":237,"column":8},"end":{"line":237,"column":21}},{"start":{"line":237,"column":25},"end":{"line":237,"column":54}}],"line":237},"49":{"loc":{"start":{"line":245,"column":11},"end":{"line":245,"column":94}},"type":"binary-expr","locations":[{"start":{"line":245,"column":11},"end":{"line":245,"column":17}},{"start":{"line":245,"column":21},"end":{"line":245,"column":27}},{"start":{"line":245,"column":31},"end":{"line":245,"column":61}},{"start":{"line":245,"column":65},"end":{"line":245,"column":94}}],"line":245},"50":{"loc":{"start":{"line":249,"column":4},"end":{"line":253,"column":5}},"type":"if","locations":[{"start":{"line":249,"column":4},"end":{"line":253,"column":5}},{"start":{"line":249,"column":4},"end":{"line":253,"column":5}}],"line":249},"51":{"loc":{"start":{"line":249,"column":8},"end":{"line":249,"column":56}},"type":"binary-expr","locations":[{"start":{"line":249,"column":8},"end":{"line":249,"column":14}},{"start":{"line":249,"column":18},"end":{"line":249,"column":23}},{"start":{"line":249,"column":27},"end":{"line":249,"column":56}}],"line":249},"52":{"loc":{"start":{"line":250,"column":33},"end":{"line":250,"column":61}},"type":"binary-expr","locations":[{"start":{"line":250,"column":33},"end":{"line":250,"column":45}},{"start":{"line":250,"column":49},"end":{"line":250,"column":61}}],"line":250},"53":{"loc":{"start":{"line":257,"column":11},"end":{"line":257,"column":108}},"type":"binary-expr","locations":[{"start":{"line":257,"column":11},"end":{"line":257,"column":24}},{"start":{"line":257,"column":28},"end":{"line":257,"column":41}},{"start":{"line":257,"column":45},"end":{"line":257,"column":75}},{"start":{"line":257,"column":79},"end":{"line":257,"column":108}}],"line":257},"54":{"loc":{"start":{"line":261,"column":4},"end":{"line":265,"column":5}},"type":"if","locations":[{"start":{"line":261,"column":4},"end":{"line":265,"column":5}},{"start":{"line":261,"column":4},"end":{"line":265,"column":5}}],"line":261},"55":{"loc":{"start":{"line":261,"column":8},"end":{"line":261,"column":71}},"type":"binary-expr","locations":[{"start":{"line":261,"column":8},"end":{"line":261,"column":21}},{"start":{"line":261,"column":25},"end":{"line":261,"column":38}},{"start":{"line":261,"column":42},"end":{"line":261,"column":71}}],"line":261},"56":{"loc":{"start":{"line":262,"column":33},"end":{"line":262,"column":61}},"type":"binary-expr","locations":[{"start":{"line":262,"column":33},"end":{"line":262,"column":45}},{"start":{"line":262,"column":49},"end":{"line":262,"column":61}}],"line":262},"57":{"loc":{"start":{"line":269,"column":11},"end":{"line":269,"column":101}},"type":"binary-expr","locations":[{"start":{"line":269,"column":11},"end":{"line":269,"column":17}},{"start":{"line":269,"column":21},"end":{"line":269,"column":34}},{"start":{"line":269,"column":38},"end":{"line":269,"column":68}},{"start":{"line":269,"column":72},"end":{"line":269,"column":101}}],"line":269},"58":{"loc":{"start":{"line":273,"column":4},"end":{"line":277,"column":5}},"type":"if","locations":[{"start":{"line":273,"column":4},"end":{"line":277,"column":5}},{"start":{"line":273,"column":4},"end":{"line":277,"column":5}}],"line":273},"59":{"loc":{"start":{"line":273,"column":8},"end":{"line":273,"column":64}},"type":"binary-expr","locations":[{"start":{"line":273,"column":8},"end":{"line":273,"column":14}},{"start":{"line":273,"column":18},"end":{"line":273,"column":31}},{"start":{"line":273,"column":35},"end":{"line":273,"column":64}}],"line":273},"60":{"loc":{"start":{"line":274,"column":33},"end":{"line":274,"column":61}},"type":"binary-expr","locations":[{"start":{"line":274,"column":33},"end":{"line":274,"column":45}},{"start":{"line":274,"column":49},"end":{"line":274,"column":61}}],"line":274},"61":{"loc":{"start":{"line":281,"column":11},"end":{"line":281,"column":101}},"type":"binary-expr","locations":[{"start":{"line":281,"column":11},"end":{"line":281,"column":17}},{"start":{"line":281,"column":21},"end":{"line":281,"column":34}},{"start":{"line":281,"column":38},"end":{"line":281,"column":68}},{"start":{"line":281,"column":72},"end":{"line":281,"column":101}}],"line":281},"62":{"loc":{"start":{"line":285,"column":4},"end":{"line":289,"column":5}},"type":"if","locations":[{"start":{"line":285,"column":4},"end":{"line":289,"column":5}},{"start":{"line":285,"column":4},"end":{"line":289,"column":5}}],"line":285},"63":{"loc":{"start":{"line":285,"column":8},"end":{"line":285,"column":64}},"type":"binary-expr","locations":[{"start":{"line":285,"column":8},"end":{"line":285,"column":14}},{"start":{"line":285,"column":18},"end":{"line":285,"column":31}},{"start":{"line":285,"column":35},"end":{"line":285,"column":64}}],"line":285},"64":{"loc":{"start":{"line":286,"column":33},"end":{"line":286,"column":61}},"type":"binary-expr","locations":[{"start":{"line":286,"column":33},"end":{"line":286,"column":45}},{"start":{"line":286,"column":49},"end":{"line":286,"column":61}}],"line":286},"65":{"loc":{"start":{"line":293,"column":4},"end":{"line":295,"column":5}},"type":"if","locations":[{"start":{"line":293,"column":4},"end":{"line":295,"column":5}},{"start":{"line":293,"column":4},"end":{"line":295,"column":5}}],"line":293},"66":{"loc":{"start":{"line":300,"column":4},"end":{"line":304,"column":5}},"type":"if","locations":[{"start":{"line":300,"column":4},"end":{"line":304,"column":5}},{"start":{"line":300,"column":4},"end":{"line":304,"column":5}}],"line":300},"67":{"loc":{"start":{"line":305,"column":4},"end":{"line":309,"column":5}},"type":"if","locations":[{"start":{"line":305,"column":4},"end":{"line":309,"column":5}},{"start":{"line":305,"column":4},"end":{"line":309,"column":5}}],"line":305},"68":{"loc":{"start":{"line":323,"column":8},"end":{"line":326,"column":9}},"type":"if","locations":[{"start":{"line":323,"column":8},"end":{"line":326,"column":9}},{"start":{"line":323,"column":8},"end":{"line":326,"column":9}}],"line":323},"69":{"loc":{"start":{"line":323,"column":11},"end":{"line":324,"column":75}},"type":"binary-expr","locations":[{"start":{"line":323,"column":11},"end":{"line":323,"column":47}},{"start":{"line":323,"column":51},"end":{"line":324,"column":21}},{"start":{"line":324,"column":25},"end":{"line":324,"column":42}},{"start":{"line":324,"column":46},"end":{"line":324,"column":75}}],"line":323},"70":{"loc":{"start":{"line":338,"column":8},"end":{"line":340,"column":9}},"type":"if","locations":[{"start":{"line":338,"column":8},"end":{"line":340,"column":9}},{"start":{"line":338,"column":8},"end":{"line":340,"column":9}}],"line":338},"71":{"loc":{"start":{"line":349,"column":11},"end":{"line":351,"column":53}},"type":"binary-expr","locations":[{"start":{"line":349,"column":11},"end":{"line":349,"column":29}},{"start":{"line":350,"column":5},"end":{"line":350,"column":53}},{"start":{"line":351,"column":4},"end":{"line":351,"column":52}}],"line":349},"72":{"loc":{"start":{"line":361,"column":8},"end":{"line":363,"column":9}},"type":"if","locations":[{"start":{"line":361,"column":8},"end":{"line":363,"column":9}},{"start":{"line":361,"column":8},"end":{"line":363,"column":9}}],"line":361},"73":{"loc":{"start":{"line":364,"column":8},"end":{"line":366,"column":9}},"type":"if","locations":[{"start":{"line":364,"column":8},"end":{"line":366,"column":9}},{"start":{"line":364,"column":8},"end":{"line":366,"column":9}}],"line":364},"74":{"loc":{"start":{"line":369,"column":4},"end":{"line":375,"column":5}},"type":"if","locations":[{"start":{"line":369,"column":4},"end":{"line":375,"column":5}},{"start":{"line":369,"column":4},"end":{"line":375,"column":5}}],"line":369},"75":{"loc":{"start":{"line":371,"column":11},"end":{"line":375,"column":5}},"type":"if","locations":[{"start":{"line":371,"column":11},"end":{"line":375,"column":5}},{"start":{"line":371,"column":11},"end":{"line":375,"column":5}}],"line":371},"76":{"loc":{"start":{"line":396,"column":2},"end":{"line":401,"column":3}},"type":"if","locations":[{"start":{"line":396,"column":2},"end":{"line":401,"column":3}},{"start":{"line":396,"column":2},"end":{"line":401,"column":3}}],"line":396},"77":{"loc":{"start":{"line":408,"column":2},"end":{"line":411,"column":3}},"type":"if","locations":[{"start":{"line":408,"column":2},"end":{"line":411,"column":3}},{"start":{"line":408,"column":2},"end":{"line":411,"column":3}}],"line":408},"78":{"loc":{"start":{"line":408,"column":6},"end":{"line":408,"column":126}},"type":"binary-expr","locations":[{"start":{"line":408,"column":6},"end":{"line":408,"column":14}},{"start":{"line":408,"column":18},"end":{"line":408,"column":26}},{"start":{"line":408,"column":30},"end":{"line":408,"column":44}},{"start":{"line":408,"column":48},"end":{"line":408,"column":58}},{"start":{"line":408,"column":62},"end":{"line":408,"column":72}},{"start":{"line":408,"column":77},"end":{"line":408,"column":99}},{"start":{"line":408,"column":103},"end":{"line":408,"column":125}}],"line":408},"79":{"loc":{"start":{"line":424,"column":4},"end":{"line":446,"column":5}},"type":"if","locations":[{"start":{"line":424,"column":4},"end":{"line":446,"column":5}},{"start":{"line":424,"column":4},"end":{"line":446,"column":5}}],"line":424},"80":{"loc":{"start":{"line":433,"column":8},"end":{"line":436,"column":9}},"type":"if","locations":[{"start":{"line":433,"column":8},"end":{"line":436,"column":9}},{"start":{"line":433,"column":8},"end":{"line":436,"column":9}}],"line":433},"81":{"loc":{"start":{"line":433,"column":12},"end":{"line":433,"column":68}},"type":"binary-expr","locations":[{"start":{"line":433,"column":12},"end":{"line":433,"column":19}},{"start":{"line":433,"column":23},"end":{"line":433,"column":38}},{"start":{"line":433,"column":42},"end":{"line":433,"column":49}},{"start":{"line":433,"column":53},"end":{"line":433,"column":68}}],"line":433},"82":{"loc":{"start":{"line":439,"column":8},"end":{"line":442,"column":9}},"type":"if","locations":[{"start":{"line":439,"column":8},"end":{"line":442,"column":9}},{"start":{"line":439,"column":8},"end":{"line":442,"column":9}}],"line":439},"83":{"loc":{"start":{"line":452,"column":2},"end":{"line":458,"column":3}},"type":"if","locations":[{"start":{"line":452,"column":2},"end":{"line":458,"column":3}},{"start":{"line":452,"column":2},"end":{"line":458,"column":3}}],"line":452},"84":{"loc":{"start":{"line":454,"column":9},"end":{"line":458,"column":3}},"type":"if","locations":[{"start":{"line":454,"column":9},"end":{"line":458,"column":3}},{"start":{"line":454,"column":9},"end":{"line":458,"column":3}}],"line":454}},"s":{"0":1,"1":10,"2":0,"3":10,"4":0,"5":10,"6":0,"7":10,"8":10,"9":10,"10":10,"11":9,"12":9,"13":1,"14":1,"15":10,"16":10,"17":10,"18":46,"19":46,"20":10,"21":38,"22":14,"23":0,"24":0,"25":10,"26":10,"27":46,"28":46,"29":228,"30":46,"31":46,"32":46,"33":46,"34":46,"35":137,"36":137,"37":0,"38":137,"39":137,"40":0,"41":137,"42":137,"43":137,"44":0,"45":137,"46":0,"47":137,"48":137,"49":137,"50":0,"51":137,"52":0,"53":137,"54":137,"55":137,"56":0,"57":137,"58":0,"59":137,"60":137,"61":137,"62":0,"63":137,"64":0,"65":137,"66":137,"67":137,"68":0,"69":137,"70":0,"71":137,"72":137,"73":137,"74":0,"75":137,"76":0,"77":137,"78":137,"79":137,"80":0,"81":137,"82":0,"83":137,"84":137,"85":137,"86":0,"87":137,"88":0,"89":137,"90":128,"91":128,"92":0,"93":0,"94":0,"95":0,"96":0,"97":0,"98":0,"99":0,"100":0,"101":0,"102":0,"103":0,"104":0,"105":0,"106":0,"107":0,"108":0,"109":0,"110":0,"111":0,"112":0,"113":0,"114":0,"115":0,"116":0,"117":0,"118":0,"119":0,"120":0,"121":0,"122":0,"123":0,"124":0,"125":0,"126":0,"127":0,"128":0,"129":0,"130":0,"131":0,"132":0,"133":0,"134":0,"135":0,"136":0,"137":0,"138":0,"139":0,"140":0,"141":0,"142":0,"143":0,"144":0,"145":0,"146":0,"147":0,"148":0,"149":0,"150":0,"151":0,"152":0,"153":0,"154":0,"155":0,"156":0,"157":0,"158":0,"159":0,"160":0,"161":0,"162":0,"163":0,"164":0,"165":0,"166":0,"167":7,"168":3,"169":4,"170":7,"171":4,"172":3,"173":2,"174":2,"175":0,"176":0,"177":0,"178":2,"179":5,"180":5,"181":0,"182":0,"183":0,"184":0,"185":5,"186":4,"187":3,"188":3,"189":3,"190":3,"191":0,"192":0,"193":0,"194":0,"195":0,"196":0,"197":3,"198":0,"199":3,"200":0,"201":0,"202":1,"203":1,"204":1,"205":4,"206":1,"207":1,"208":1,"209":4,"210":4,"211":1,"212":0,"213":0,"214":0,"215":0,"216":0,"217":0,"218":0,"219":0,"220":0,"221":0,"222":0,"223":0,"224":0,"225":0,"226":0,"227":0,"228":0,"229":0,"230":0,"231":0,"232":0,"233":0,"234":0,"235":0,"236":0,"237":0,"238":0,"239":0,"240":0,"241":0,"242":0,"243":0,"244":0,"245":0,"246":0,"247":0,"248":0,"249":0,"250":0,"251":0,"252":0,"253":0,"254":1},"f":{"0":10,"1":38,"2":14,"3":0,"4":0,"5":10,"6":137,"7":137,"8":128,"9":7,"10":2,"11":2,"12":5,"13":4,"14":3,"15":1,"16":0},"b":{"0":[0,10],"1":[10,10,10],"2":[0,10],"3":[10,10],"4":[0,10],"5":[10,8],"6":[9,1],"7":[1,8],"8":[1,0],"9":[0,137],"10":[137,0],"11":[0,137],"12":[137,0],"13":[0,137],"14":[137,0,0],"15":[137,0],"16":[0,137],"17":[137,0,0],"18":[137,0],"19":[0,137],"20":[137,0,0],"21":[137,0],"22":[0,137],"23":[137,0,0],"24":[137,0,0],"25":[0,137],"26":[137,0,0,0,0],"27":[137,0,0],"28":[0,137],"29":[137,0,0,0,0],"30":[137,0,0],"31":[0,137],"32":[137,0,0,0,0],"33":[137,0,0],"34":[0,137],"35":[137,0,0,0,0],"36":[128,0],"37":[0,0,0],"38":[0,0],"39":[0,0],"40":[0,0,0],"41":[0,0],"42":[0,0],"43":[0,0,0],"44":[0,0],"45":[0,0],"46":[0,0,0],"47":[0,0],"48":[0,0],"49":[0,0,0,0],"50":[0,0],"51":[0,0,0],"52":[0,0],"53":[0,0,0,0],"54":[0,0],"55":[0,0,0],"56":[0,0],"57":[0,0,0,0],"58":[0,0],"59":[0,0,0],"60":[0,0],"61":[0,0,0,0],"62":[0,0],"63":[0,0,0],"64":[0,0],"65":[0,0],"66":[3,4],"67":[4,3],"68":[0,0],"69":[0,0,0,0],"70":[0,0],"71":[4,0,0],"72":[0,0],"73":[0,0],"74":[0,3],"75":[0,0],"76":[0,0],"77":[0,0],"78":[0,0,0,0,0,0,0],"79":[0,0],"80":[0,0],"81":[0,0,0,0],"82":[0,0],"83":[0,0],"84":[0,0]},"_coverageSchema":"43e27e138ebf9cfc5966b082cf9a028302ed4184","hash":"f8173b95bb27cf6a86ae8a022707764a2ac9ec44"}
}
