TN:
SF:C:\Users\Owner\Documents\SPL343\JavaScript\OthelloJS\Othello.js
FN:19,(anonymous_0)
FN:58,(anonymous_1)
FN:63,(anonymous_2)
FN:68,(anonymous_3)
FN:73,(anonymous_4)
FN:78,(anonymous_5)
FN:93,(anonymous_6)
FN:98,(anonymous_7)
FN:187,(anonymous_8)
FN:299,(anonymous_9)
FN:313,(anonymous_10)
FN:318,(anonymous_11)
FN:335,(anonymous_12)
FN:348,(anonymous_13)
FN:356,(anonymous_14)
FN:379,(anonymous_15)
FN:394,main
FNF:17
FNH:14
FNDA:10,(anonymous_0)
FNDA:38,(anonymous_1)
FNDA:14,(anonymous_2)
FNDA:0,(anonymous_3)
FNDA:0,(anonymous_4)
FNDA:10,(anonymous_5)
FNDA:137,(anonymous_6)
FNDA:137,(anonymous_7)
FNDA:128,(anonymous_8)
FNDA:7,(anonymous_9)
FNDA:2,(anonymous_10)
FNDA:2,(anonymous_11)
FNDA:5,(anonymous_12)
FNDA:4,(anonymous_13)
FNDA:3,(anonymous_14)
FNDA:1,(anonymous_15)
FNDA:0,main
DA:14,1
DA:21,10
DA:22,0
DA:24,10
DA:25,0
DA:27,10
DA:28,0
DA:32,10
DA:33,10
DA:34,10
DA:38,10
DA:39,9
DA:40,9
DA:42,1
DA:43,1
DA:47,10
DA:48,10
DA:49,46
DA:50,46
DA:54,10
DA:59,38
DA:64,14
DA:69,0
DA:74,0
DA:79,10
DA:80,46
DA:81,228
DA:84,46
DA:85,46
DA:86,46
DA:87,46
DA:88,46
DA:94,137
DA:99,137
DA:100,0
DA:103,137
DA:104,137
DA:105,0
DA:110,137
DA:111,137
DA:112,137
DA:113,0
DA:115,137
DA:116,0
DA:119,137
DA:120,137
DA:121,137
DA:122,0
DA:124,137
DA:125,0
DA:128,137
DA:129,137
DA:130,137
DA:131,0
DA:133,137
DA:134,0
DA:137,137
DA:138,137
DA:139,137
DA:140,0
DA:142,137
DA:143,0
DA:146,137
DA:147,137
DA:148,137
DA:149,0
DA:151,137
DA:152,0
DA:155,137
DA:156,137
DA:157,137
DA:158,0
DA:160,137
DA:161,0
DA:164,137
DA:165,137
DA:166,137
DA:167,0
DA:169,137
DA:170,0
DA:173,137
DA:174,137
DA:175,137
DA:176,0
DA:178,137
DA:179,0
DA:183,137
DA:190,128
DA:191,128
DA:195,0
DA:198,0
DA:199,0
DA:200,0
DA:201,0
DA:203,0
DA:204,0
DA:205,0
DA:209,0
DA:210,0
DA:211,0
DA:212,0
DA:214,0
DA:215,0
DA:216,0
DA:221,0
DA:222,0
DA:223,0
DA:224,0
DA:226,0
DA:227,0
DA:228,0
DA:232,0
DA:233,0
DA:234,0
DA:235,0
DA:237,0
DA:238,0
DA:239,0
DA:243,0
DA:244,0
DA:245,0
DA:246,0
DA:247,0
DA:249,0
DA:250,0
DA:251,0
DA:255,0
DA:256,0
DA:257,0
DA:258,0
DA:259,0
DA:261,0
DA:262,0
DA:263,0
DA:267,0
DA:268,0
DA:269,0
DA:270,0
DA:271,0
DA:273,0
DA:274,0
DA:275,0
DA:279,0
DA:280,0
DA:281,0
DA:282,0
DA:283,0
DA:285,0
DA:286,0
DA:287,0
DA:293,0
DA:294,0
DA:300,7
DA:301,3
DA:303,4
DA:305,7
DA:306,4
DA:308,3
DA:314,2
DA:321,2
DA:322,0
DA:323,0
DA:325,0
DA:331,2
DA:336,5
DA:337,0
DA:338,0
DA:339,0
DA:344,5
DA:349,4
DA:357,3
DA:359,3
DA:360,0
DA:361,0
DA:362,0
DA:364,0
DA:365,0
DA:369,3
DA:370,0
DA:371,3
DA:372,0
DA:374,0
DA:380,1
DA:381,1
DA:382,4
DA:384,1
DA:385,1
DA:386,4
DA:387,4
DA:389,1
DA:396,0
DA:397,0
DA:398,0
DA:399,0
DA:400,0
DA:404,0
DA:405,0
DA:406,0
DA:408,0
DA:409,0
DA:410,0
DA:413,0
DA:415,0
DA:416,0
DA:417,0
DA:421,0
DA:422,0
DA:424,0
DA:425,0
DA:426,0
DA:428,0
DA:429,0
DA:430,0
DA:431,0
DA:432,0
DA:433,0
DA:434,0
DA:435,0
DA:437,0
DA:438,0
DA:439,0
DA:440,0
DA:441,0
DA:443,0
DA:445,0
DA:450,0
DA:451,0
DA:452,0
DA:453,0
DA:454,0
DA:455,0
DA:457,0
DA:460,1
LF:233
LH:91
BRDA:21,0,0,0
BRDA:21,0,1,10
BRDA:21,1,0,10
BRDA:21,1,1,10
BRDA:21,1,2,10
BRDA:24,2,0,0
BRDA:24,2,1,10
BRDA:24,3,0,10
BRDA:24,3,1,10
BRDA:27,4,0,0
BRDA:27,4,1,10
BRDA:27,5,0,10
BRDA:27,5,1,8
BRDA:38,6,0,9
BRDA:38,6,1,1
BRDA:40,7,0,1
BRDA:40,7,1,8
BRDA:43,8,0,1
BRDA:43,8,1,0
BRDA:99,9,0,0
BRDA:99,9,1,137
BRDA:99,10,0,137
BRDA:99,10,1,0
BRDA:104,11,0,0
BRDA:104,11,1,137
BRDA:112,12,0,137
BRDA:112,12,1,0
BRDA:115,13,0,0
BRDA:115,13,1,137
BRDA:115,14,0,137
BRDA:115,14,1,0
BRDA:115,14,2,0
BRDA:121,15,0,137
BRDA:121,15,1,0
BRDA:124,16,0,0
BRDA:124,16,1,137
BRDA:124,17,0,137
BRDA:124,17,1,0
BRDA:124,17,2,0
BRDA:130,18,0,137
BRDA:130,18,1,0
BRDA:133,19,0,0
BRDA:133,19,1,137
BRDA:133,20,0,137
BRDA:133,20,1,0
BRDA:133,20,2,0
BRDA:139,21,0,137
BRDA:139,21,1,0
BRDA:142,22,0,0
BRDA:142,22,1,137
BRDA:142,23,0,137
BRDA:142,23,1,0
BRDA:142,23,2,0
BRDA:148,24,0,137
BRDA:148,24,1,0
BRDA:148,24,2,0
BRDA:151,25,0,0
BRDA:151,25,1,137
BRDA:151,26,0,137
BRDA:151,26,1,0
BRDA:151,26,2,0
BRDA:151,26,3,0
BRDA:151,26,4,0
BRDA:157,27,0,137
BRDA:157,27,1,0
BRDA:157,27,2,0
BRDA:160,28,0,0
BRDA:160,28,1,137
BRDA:160,29,0,137
BRDA:160,29,1,0
BRDA:160,29,2,0
BRDA:160,29,3,0
BRDA:160,29,4,0
BRDA:166,30,0,137
BRDA:166,30,1,0
BRDA:166,30,2,0
BRDA:169,31,0,0
BRDA:169,31,1,137
BRDA:169,32,0,137
BRDA:169,32,1,0
BRDA:169,32,2,0
BRDA:169,32,3,0
BRDA:169,32,4,0
BRDA:175,33,0,137
BRDA:175,33,1,0
BRDA:175,33,2,0
BRDA:178,34,0,0
BRDA:178,34,1,137
BRDA:178,35,0,137
BRDA:178,35,1,0
BRDA:178,35,2,0
BRDA:178,35,3,0
BRDA:178,35,4,0
BRDA:190,36,0,128
BRDA:190,36,1,0
BRDA:200,37,0,0
BRDA:200,37,1,0
BRDA:200,37,2,0
BRDA:203,38,0,0
BRDA:203,38,1,0
BRDA:203,39,0,0
BRDA:203,39,1,0
BRDA:211,40,0,0
BRDA:211,40,1,0
BRDA:211,40,2,0
BRDA:214,41,0,0
BRDA:214,41,1,0
BRDA:214,42,0,0
BRDA:214,42,1,0
BRDA:223,43,0,0
BRDA:223,43,1,0
BRDA:223,43,2,0
BRDA:226,44,0,0
BRDA:226,44,1,0
BRDA:226,45,0,0
BRDA:226,45,1,0
BRDA:234,46,0,0
BRDA:234,46,1,0
BRDA:234,46,2,0
BRDA:237,47,0,0
BRDA:237,47,1,0
BRDA:237,48,0,0
BRDA:237,48,1,0
BRDA:245,49,0,0
BRDA:245,49,1,0
BRDA:245,49,2,0
BRDA:245,49,3,0
BRDA:249,50,0,0
BRDA:249,50,1,0
BRDA:249,51,0,0
BRDA:249,51,1,0
BRDA:249,51,2,0
BRDA:250,52,0,0
BRDA:250,52,1,0
BRDA:257,53,0,0
BRDA:257,53,1,0
BRDA:257,53,2,0
BRDA:257,53,3,0
BRDA:261,54,0,0
BRDA:261,54,1,0
BRDA:261,55,0,0
BRDA:261,55,1,0
BRDA:261,55,2,0
BRDA:262,56,0,0
BRDA:262,56,1,0
BRDA:269,57,0,0
BRDA:269,57,1,0
BRDA:269,57,2,0
BRDA:269,57,3,0
BRDA:273,58,0,0
BRDA:273,58,1,0
BRDA:273,59,0,0
BRDA:273,59,1,0
BRDA:273,59,2,0
BRDA:274,60,0,0
BRDA:274,60,1,0
BRDA:281,61,0,0
BRDA:281,61,1,0
BRDA:281,61,2,0
BRDA:281,61,3,0
BRDA:285,62,0,0
BRDA:285,62,1,0
BRDA:285,63,0,0
BRDA:285,63,1,0
BRDA:285,63,2,0
BRDA:286,64,0,0
BRDA:286,64,1,0
BRDA:293,65,0,0
BRDA:293,65,1,0
BRDA:300,66,0,3
BRDA:300,66,1,4
BRDA:305,67,0,4
BRDA:305,67,1,3
BRDA:323,68,0,0
BRDA:323,68,1,0
BRDA:323,69,0,0
BRDA:323,69,1,0
BRDA:323,69,2,0
BRDA:323,69,3,0
BRDA:338,70,0,0
BRDA:338,70,1,0
BRDA:349,71,0,4
BRDA:349,71,1,0
BRDA:349,71,2,0
BRDA:361,72,0,0
BRDA:361,72,1,0
BRDA:364,73,0,0
BRDA:364,73,1,0
BRDA:369,74,0,0
BRDA:369,74,1,3
BRDA:371,75,0,0
BRDA:371,75,1,0
BRDA:396,76,0,0
BRDA:396,76,1,0
BRDA:408,77,0,0
BRDA:408,77,1,0
BRDA:408,78,0,0
BRDA:408,78,1,0
BRDA:408,78,2,0
BRDA:408,78,3,0
BRDA:408,78,4,0
BRDA:408,78,5,0
BRDA:408,78,6,0
BRDA:424,79,0,0
BRDA:424,79,1,0
BRDA:433,80,0,0
BRDA:433,80,1,0
BRDA:433,81,0,0
BRDA:433,81,1,0
BRDA:433,81,2,0
BRDA:433,81,3,0
BRDA:439,82,0,0
BRDA:439,82,1,0
BRDA:452,83,0,0
BRDA:452,83,1,0
BRDA:454,84,0,0
BRDA:454,84,1,0
BRF:217
BRH:49
end_of_record
